<?xml version="1.0" encoding="UTF-8"?>
<!-- Generated by org.testng.reporters.JUnitReportReporter -->
<testsuite hostname="systimanx" failures="0" tests="1" name="com.systima.mytag.testcases.SettingPageTest" time="10.107" errors="0" timestamp="2024-10-14T12:54:57 IST" skipped="0">
  <testcase classname="com.systima.mytag.testcases.SettingPageTest" name="settingTest" time="10.107"/>
</testsuite> <!-- com.systima.mytag.testcases.SettingPageTest -->
