<?xml version="1.0" encoding="UTF-8"?>
<!-- Generated by org.testng.reporters.JUnitReportReporter -->
<testsuite hostname="systimanx" failures="0" tests="1" name="com.systima.mytag.testcases.LoginPageTest" time="7.693" errors="0" timestamp="2024-10-14T12:04:28 IST" skipped="0">
  <testcase classname="com.systima.mytag.testcases.LoginPageTest" name="loginTest" time="7.693"/>
</testsuite> <!-- com.systima.mytag.testcases.LoginPageTest -->
