<?xml version="1.0" encoding="UTF-8"?>
<!-- Generated by org.testng.reporters.JUnitReportReporter -->
<testsuite hostname="systimanx" failures="0" tests="1" name="com.systima.mytag.testcases.CardsPageTest" time="64.301" errors="0" timestamp="2024-10-17T12:12:00 IST" skipped="0">
  <testcase classname="com.systima.mytag.testcases.CardsPageTest" name="addcardTest" time="64.301"/>
</testsuite> <!-- com.systima.mytag.testcases.CardsPageTest -->
